<?xml version="1.0" encoding="UTF-8"?>
<!-- Generated by org.testng.reporters.JUnitReportReporter -->
<testsuite skipped="0" hostname="DESKTOP-9P5J9NO" name="tests.TestHome" tests="1" failures="0" timestamp="08 Jun 2021 19:36:53 GMT" time="17.700" errors="0">
  <testcase name="LoginTest" time="17.700" classname="tests.TestHome"/>
</testsuite> <!-- tests.TestHome -->
