<?xml version="1.0" encoding="UTF-8"?>
<!-- Generated by org.testng.reporters.JUnitReportReporter -->
<testsuite skipped="0" hostname="DESKTOP-9P5J9NO" name="tests.TestSettings" tests="2" failures="0" timestamp="08 Jun 2021 11:20:45 GMT" time="35.658" errors="0">
  <testcase name="testChangeLanguage" time="26.283" classname="tests.TestSettings"/>
  <testcase name="DisableNotification" time="9.375" classname="tests.TestSettings"/>
</testsuite> <!-- tests.TestSettings -->
