<?xml version="1.0" encoding="UTF-8"?>
<!-- Generated by org.testng.reporters.JUnitReportReporter -->
<testsuite skipped="0" hostname="DESKTOP-9P5J9NO" name="tests.TestAboutUs" tests="1" failures="0" timestamp="08 Jun 2021 19:21:45 GMT" time="10.929" errors="0">
  <testcase name="AboutUs" time="10.929" classname="tests.TestAboutUs"/>
</testsuite> <!-- tests.TestAboutUs -->
