<?xml version="1.0" encoding="UTF-8"?>
<!-- Generated by org.testng.reporters.JUnitReportReporter -->
<testsuite skipped="0" hostname="DESKTOP-9P5J9NO" name="tests.TestProifle" tests="1" failures="0" timestamp="07 Jun 2021 19:31:29 GMT" time="21.114" errors="0">
  <testcase name="testProfile" time="21.114" classname="tests.TestProifle"/>
</testsuite> <!-- tests.TestProifle -->
