<?xml version="1.0" encoding="UTF-8"?>
<!-- Generated by org.testng.reporters.JUnitReportReporter -->
<testsuite skipped="0" hostname="DESKTOP-9P5J9NO" name="tests.TestAdd5Employers" tests="1" failures="0" timestamp="08 Jun 2021 18:41:04 GMT" time="68.311" errors="0">
  <testcase name="testAdd5Employers" time="68.311" classname="tests.TestAdd5Employers"/>
</testsuite> <!-- tests.TestAdd5Employers -->
