<?xml version="1.0" encoding="UTF-8"?>
<!-- Generated by org.testng.reporters.JUnitReportReporter -->
<testsuite skipped="0" hostname="DESKTOP-9P5J9NO" name="tests.TestProfile" tests="1" failures="0" timestamp="08 Jun 2021 16:55:11 GMT" time="18.573" errors="0">
  <testcase name="testProfile" time="18.573" classname="tests.TestProfile"/>
</testsuite> <!-- tests.TestProfile -->
